<?xml version="1.0" encoding="UTF-8"?>
<testng-results skipped="0" failed="0" ignored="0" total="1" passed="1">
  <reporter-output>
  </reporter-output>
  <suite name="webdriverMaven.LoginTest" duration-ms="5380" started-at="2020-03-03T11:25:57 IST" finished-at="2020-03-03T11:26:03 IST">
    <groups>
    </groups>
    <test name="Command line test" duration-ms="5380" started-at="2020-03-03T11:25:57 IST" finished-at="2020-03-03T11:26:03 IST">
      <class name="webdriverMaven.LoginTest">
        <test-method status="PASS" signature="setUp()[pri:0, instance:webdriverMaven.LoginTest@343f4d3d]" name="setUp" is-config="true" duration-ms="5237" started-at="2020-03-03T11:25:52 IST" finished-at="2020-03-03T11:25:57 IST">
          <reporter-output>
          </reporter-output>
        </test-method> <!-- setUp -->
        <test-method status="PASS" signature="doLogin()[pri:0, instance:webdriverMaven.LoginTest@343f4d3d]" name="doLogin" duration-ms="5305" started-at="2020-03-03T11:25:58 IST" finished-at="2020-03-03T11:26:03 IST">
          <reporter-output>
          </reporter-output>
        </test-method> <!-- doLogin -->
        <test-method status="PASS" signature="tearown()[pri:0, instance:webdriverMaven.LoginTest@343f4d3d]" name="tearown" is-config="true" duration-ms="1153" started-at="2020-03-03T11:26:03 IST" finished-at="2020-03-03T11:26:04 IST">
          <reporter-output>
          </reporter-output>
        </test-method> <!-- tearown -->
      </class> <!-- webdriverMaven.LoginTest -->
    </test> <!-- Command line test -->
  </suite> <!-- webdriverMaven.LoginTest -->
</testng-results>
