<?xml version="1.0" encoding="UTF-8"?>
<testng-results skipped="0" failed="0" ignored="0" total="1" passed="1">
  <reporter-output>
  </reporter-output>
  <suite name="Default suite" duration-ms="6796" started-at="2020-03-03T11:20:49 IST" finished-at="2020-03-03T11:20:56 IST">
    <groups>
    </groups>
    <test name="Default test" duration-ms="6796" started-at="2020-03-03T11:20:49 IST" finished-at="2020-03-03T11:20:56 IST">
      <class name="webdriverMaven.LoginTest">
        <test-method status="PASS" signature="setUp()[pri:0, instance:webdriverMaven.LoginTest@6737fd8f]" name="setUp" is-config="true" duration-ms="5069" started-at="2020-03-03T11:20:44 IST" finished-at="2020-03-03T11:20:49 IST">
          <reporter-output>
          </reporter-output>
        </test-method> <!-- setUp -->
        <test-method status="PASS" signature="doLogin()[pri:0, instance:webdriverMaven.LoginTest@6737fd8f]" name="doLogin" duration-ms="6705" started-at="2020-03-03T11:20:49 IST" finished-at="2020-03-03T11:20:56 IST">
          <reporter-output>
          </reporter-output>
        </test-method> <!-- doLogin -->
        <test-method status="PASS" signature="tearown()[pri:0, instance:webdriverMaven.LoginTest@6737fd8f]" name="tearown" is-config="true" duration-ms="717" started-at="2020-03-03T11:20:56 IST" finished-at="2020-03-03T11:20:57 IST">
          <reporter-output>
          </reporter-output>
        </test-method> <!-- tearown -->
      </class> <!-- webdriverMaven.LoginTest -->
    </test> <!-- Default test -->
  </suite> <!-- Default suite -->
</testng-results>
